{"C:\\Users\\axtra\\OneDrive\\Escritorio\\Documentos\\React De cero a experto - Edición 2025\\gifs-app\\src\\GifsApp.tsx": {"path":"C:\\Users\\axtra\\OneDrive\\Escritorio\\Documentos\\React De cero a experto - Edición 2025\\gifs-app\\src\\GifsApp.tsx","statementMap":{"0":{"start":{"line":8,"column":16},"end":{"line":28,"column":null}},"1":{"start":{"line":9,"column":64},"end":{"line":9,"column":null}}},"fnMap":{"0":{"name":"(anonymous_0)","decl":{"start":{"line":8,"column":16},"end":{"line":8,"column":null}},"loc":{"start":{"line":8,"column":16},"end":{"line":28,"column":null}},"line":8}},"branchMap":{},"s":{"0":1,"1":1},"f":{"0":1},"b":{},"meta":{"lastBranch":0,"lastFunction":1,"lastStatement":2,"seen":{"s:8:16:28:Infinity":0,"f:8:16:8:Infinity":0,"s:9:64:9:Infinity":1}}}
,"C:\\Users\\axtra\\OneDrive\\Escritorio\\Documentos\\React De cero a experto - Edición 2025\\gifs-app\\src\\counter\\components\\MyCounterApp.tsx": {"path":"C:\\Users\\axtra\\OneDrive\\Escritorio\\Documentos\\React De cero a experto - Edición 2025\\gifs-app\\src\\counter\\components\\MyCounterApp.tsx","statementMap":{"0":{"start":{"line":3,"column":21},"end":{"line":19,"column":null}},"1":{"start":{"line":4,"column":59},"end":{"line":4,"column":null}}},"fnMap":{"0":{"name":"(anonymous_0)","decl":{"start":{"line":3,"column":21},"end":{"line":3,"column":null}},"loc":{"start":{"line":3,"column":21},"end":{"line":19,"column":null}},"line":3}},"branchMap":{},"s":{"0":1,"1":3},"f":{"0":3},"b":{},"meta":{"lastBranch":0,"lastFunction":1,"lastStatement":2,"seen":{"s:3:21:19:Infinity":0,"f:3:21:3:Infinity":0,"s:4:59:4:Infinity":1}}}
,"C:\\Users\\axtra\\OneDrive\\Escritorio\\Documentos\\React De cero a experto - Edición 2025\\gifs-app\\src\\counter\\hooks\\useCounter.tsx": {"path":"C:\\Users\\axtra\\OneDrive\\Escritorio\\Documentos\\React De cero a experto - Edición 2025\\gifs-app\\src\\counter\\hooks\\useCounter.tsx","statementMap":{"0":{"start":{"line":3,"column":26},"end":{"line":24,"column":null}},"1":{"start":{"line":4,"column":31},"end":{"line":4,"column":null}},"2":{"start":{"line":6,"column":22},"end":{"line":8,"column":null}},"3":{"start":{"line":7,"column":8},"end":{"line":7,"column":null}},"4":{"start":{"line":7,"column":37},"end":{"line":7,"column":null}},"5":{"start":{"line":10,"column":27},"end":{"line":12,"column":null}},"6":{"start":{"line":11,"column":8},"end":{"line":11,"column":null}},"7":{"start":{"line":11,"column":38},"end":{"line":11,"column":null}},"8":{"start":{"line":14,"column":24},"end":{"line":16,"column":null}},"9":{"start":{"line":15,"column":8},"end":{"line":15,"column":null}},"10":{"start":{"line":18,"column":4},"end":{"line":23,"column":null}}},"fnMap":{"0":{"name":"(anonymous_0)","decl":{"start":{"line":3,"column":26},"end":{"line":3,"column":27}},"loc":{"start":{"line":3,"column":52},"end":{"line":24,"column":null}},"line":3},"1":{"name":"(anonymous_1)","decl":{"start":{"line":6,"column":22},"end":{"line":6,"column":null}},"loc":{"start":{"line":6,"column":22},"end":{"line":8,"column":null}},"line":6},"2":{"name":"(anonymous_2)","decl":{"start":{"line":7,"column":19},"end":{"line":7,"column":20}},"loc":{"start":{"line":7,"column":37},"end":{"line":7,"column":null}},"line":7},"3":{"name":"(anonymous_3)","decl":{"start":{"line":10,"column":27},"end":{"line":10,"column":null}},"loc":{"start":{"line":10,"column":27},"end":{"line":12,"column":null}},"line":10},"4":{"name":"(anonymous_4)","decl":{"start":{"line":11,"column":20},"end":{"line":11,"column":21}},"loc":{"start":{"line":11,"column":38},"end":{"line":11,"column":null}},"line":11},"5":{"name":"(anonymous_5)","decl":{"start":{"line":14,"column":24},"end":{"line":14,"column":null}},"loc":{"start":{"line":14,"column":24},"end":{"line":16,"column":null}},"line":14}},"branchMap":{"0":{"loc":{"start":{"line":3,"column":27},"end":{"line":3,"column":52}},"type":"default-arg","locations":[{"start":{"line":3,"column":50},"end":{"line":3,"column":52}}],"line":3}},"s":{"0":2,"1":10,"2":10,"3":2,"4":2,"5":10,"6":1,"7":1,"8":10,"9":1,"10":10},"f":{"0":10,"1":2,"2":2,"3":1,"4":1,"5":1},"b":{"0":[10]},"meta":{"lastBranch":1,"lastFunction":6,"lastStatement":11,"seen":{"s:3:26:24:Infinity":0,"f:3:26:3:27":0,"b:3:50:3:52":0,"s:4:31:4:Infinity":1,"s:6:22:8:Infinity":2,"f:6:22:6:Infinity":1,"s:7:8:7:Infinity":3,"f:7:19:7:20":2,"s:7:37:7:Infinity":4,"s:10:27:12:Infinity":5,"f:10:27:10:Infinity":3,"s:11:8:11:Infinity":6,"f:11:20:11:21":4,"s:11:38:11:Infinity":7,"s:14:24:16:Infinity":8,"f:14:24:14:Infinity":5,"s:15:8:15:Infinity":9,"s:18:4:23:Infinity":10}}}
,"C:\\Users\\axtra\\OneDrive\\Escritorio\\Documentos\\React De cero a experto - Edición 2025\\gifs-app\\src\\gifs\\actions\\get-gifs-by-query.action.ts": {"path":"C:\\Users\\axtra\\OneDrive\\Escritorio\\Documentos\\React De cero a experto - Edición 2025\\gifs-app\\src\\gifs\\actions\\get-gifs-by-query.action.ts","statementMap":{"0":{"start":{"line":5,"column":30},"end":{"line":20,"column":null}},"1":{"start":{"line":6,"column":21},"end":{"line":11,"column":null}},"2":{"start":{"line":13,"column":4},"end":{"line":19,"column":null}},"3":{"start":{"line":13,"column":44},"end":{"line":19,"column":null}}},"fnMap":{"0":{"name":"(anonymous_0)","decl":{"start":{"line":5,"column":30},"end":{"line":5,"column":37}},"loc":{"start":{"line":5,"column":37},"end":{"line":20,"column":null}},"line":5},"1":{"name":"(anonymous_1)","decl":{"start":{"line":13,"column":34},"end":{"line":13,"column":35}},"loc":{"start":{"line":13,"column":44},"end":{"line":19,"column":null}},"line":13}},"branchMap":{},"s":{"0":2,"1":1,"2":1,"3":10},"f":{"0":1,"1":10},"b":{},"meta":{"lastBranch":0,"lastFunction":2,"lastStatement":4,"seen":{"s:5:30:20:Infinity":0,"f:5:30:5:37":0,"s:6:21:11:Infinity":1,"s:13:4:19:Infinity":2,"f:13:34:13:35":1,"s:13:44:19:Infinity":3}}}
,"C:\\Users\\axtra\\OneDrive\\Escritorio\\Documentos\\React De cero a experto - Edición 2025\\gifs-app\\src\\gifs\\actions\\api\\giphy.api.ts": {"path":"C:\\Users\\axtra\\OneDrive\\Escritorio\\Documentos\\React De cero a experto - Edición 2025\\gifs-app\\src\\gifs\\actions\\api\\giphy.api.ts","statementMap":{"0":{"start":{"line":3,"column":24},"end":{"line":9,"column":null}}},"fnMap":{},"branchMap":{},"s":{"0":3},"f":{},"b":{},"meta":{"lastBranch":0,"lastFunction":0,"lastStatement":1,"seen":{"s:3:24:9:Infinity":0}}}
,"C:\\Users\\axtra\\OneDrive\\Escritorio\\Documentos\\React De cero a experto - Edición 2025\\gifs-app\\src\\gifs\\components\\GifsList.tsx": {"path":"C:\\Users\\axtra\\OneDrive\\Escritorio\\Documentos\\React De cero a experto - Edición 2025\\gifs-app\\src\\gifs\\components\\GifsList.tsx","statementMap":{"0":{"start":{"line":7,"column":17},"end":{"line":21,"column":null}}},"fnMap":{"0":{"name":"(anonymous_0)","decl":{"start":{"line":7,"column":17},"end":{"line":7,"column":18}},"loc":{"start":{"line":7,"column":37},"end":{"line":21,"column":null}},"line":7}},"branchMap":{},"s":{"0":1},"f":{"0":1},"b":{},"meta":{"lastBranch":0,"lastFunction":1,"lastStatement":1,"seen":{"s:7:17:21:Infinity":0,"f:7:17:7:18":0}}}
,"C:\\Users\\axtra\\OneDrive\\Escritorio\\Documentos\\React De cero a experto - Edición 2025\\gifs-app\\src\\gifs\\components\\PreviousSearches.tsx": {"path":"C:\\Users\\axtra\\OneDrive\\Escritorio\\Documentos\\React De cero a experto - Edición 2025\\gifs-app\\src\\gifs\\components\\PreviousSearches.tsx","statementMap":{"0":{"start":{"line":6,"column":25},"end":{"line":22,"column":null}},"1":{"start":{"line":7,"column":4},"end":{"line":9,"column":null}},"2":{"start":{"line":8,"column":8},"end":{"line":8,"column":null}},"3":{"start":{"line":16,"column":43},"end":{"line":16,"column":77}}},"fnMap":{"0":{"name":"(anonymous_0)","decl":{"start":{"line":6,"column":25},"end":{"line":6,"column":26}},"loc":{"start":{"line":6,"column":93},"end":{"line":22,"column":null}},"line":6},"1":{"name":"(anonymous_1)","decl":{"start":{"line":16,"column":37},"end":{"line":16,"column":43}},"loc":{"start":{"line":16,"column":43},"end":{"line":16,"column":77}},"line":16}},"branchMap":{"0":{"loc":{"start":{"line":7,"column":4},"end":{"line":9,"column":null}},"type":"if","locations":[{"start":{"line":7,"column":4},"end":{"line":9,"column":null}},{"start":{},"end":{}}],"line":7},"1":{"loc":{"start":{"line":7,"column":8},"end":{"line":7,"column":60}},"type":"binary-expr","locations":[{"start":{"line":7,"column":8},"end":{"line":7,"column":29}},{"start":{"line":7,"column":29},"end":{"line":7,"column":60}}],"line":7}},"s":{"0":1,"1":1,"2":1,"3":0},"f":{"0":1,"1":0},"b":{"0":[1,0],"1":[1,1]},"meta":{"lastBranch":2,"lastFunction":2,"lastStatement":4,"seen":{"s:6:25:22:Infinity":0,"f:6:25:6:26":0,"b:7:4:9:Infinity:undefined:undefined:undefined:undefined":0,"s:7:4:9:Infinity":1,"b:7:8:7:29:7:29:7:60":1,"s:8:8:8:Infinity":2,"f:16:37:16:43":1,"s:16:43:16:77":3}}}
,"C:\\Users\\axtra\\OneDrive\\Escritorio\\Documentos\\React De cero a experto - Edición 2025\\gifs-app\\src\\gifs\\hooks\\useGifs.tsx": {"path":"C:\\Users\\axtra\\OneDrive\\Escritorio\\Documentos\\React De cero a experto - Edición 2025\\gifs-app\\src\\gifs\\hooks\\useGifs.tsx","statementMap":{"0":{"start":{"line":5,"column":23},"end":{"line":38,"column":null}},"1":{"start":{"line":6,"column":23},"end":{"line":6,"column":null}},"2":{"start":{"line":7,"column":41},"end":{"line":7,"column":null}},"3":{"start":{"line":8,"column":8},"end":{"line":8,"column":null}},"4":{"start":{"line":10,"column":28},"end":{"line":18,"column":null}},"5":{"start":{"line":11,"column":4},"end":{"line":14,"column":null}},"6":{"start":{"line":12,"column":6},"end":{"line":12,"column":null}},"7":{"start":{"line":13,"column":6},"end":{"line":13,"column":null}},"8":{"start":{"line":16,"column":17},"end":{"line":16,"column":null}},"9":{"start":{"line":17,"column":4},"end":{"line":17,"column":null}},"10":{"start":{"line":20,"column":23},"end":{"line":30,"column":null}},"11":{"start":{"line":21,"column":4},"end":{"line":21,"column":null}},"12":{"start":{"line":22,"column":4},"end":{"line":22,"column":null}},"13":{"start":{"line":22,"column":28},"end":{"line":22,"column":null}},"14":{"start":{"line":23,"column":4},"end":{"line":23,"column":null}},"15":{"start":{"line":23,"column":39},"end":{"line":23,"column":null}},"16":{"start":{"line":24,"column":4},"end":{"line":24,"column":null}},"17":{"start":{"line":26,"column":17},"end":{"line":26,"column":null}},"18":{"start":{"line":27,"column":4},"end":{"line":27,"column":null}},"19":{"start":{"line":29,"column":4},"end":{"line":29,"column":null}},"20":{"start":{"line":32,"column":2},"end":{"line":37,"column":null}}},"fnMap":{"0":{"name":"(anonymous_0)","decl":{"start":{"line":5,"column":23},"end":{"line":5,"column":null}},"loc":{"start":{"line":5,"column":23},"end":{"line":38,"column":null}},"line":5},"1":{"name":"(anonymous_1)","decl":{"start":{"line":10,"column":28},"end":{"line":10,"column":35}},"loc":{"start":{"line":10,"column":35},"end":{"line":18,"column":null}},"line":10},"2":{"name":"(anonymous_2)","decl":{"start":{"line":20,"column":23},"end":{"line":20,"column":30}},"loc":{"start":{"line":20,"column":48},"end":{"line":30,"column":null}},"line":20}},"branchMap":{"0":{"loc":{"start":{"line":11,"column":4},"end":{"line":14,"column":null}},"type":"if","locations":[{"start":{"line":11,"column":4},"end":{"line":14,"column":null}},{"start":{},"end":{}}],"line":11},"1":{"loc":{"start":{"line":20,"column":30},"end":{"line":20,"column":48}},"type":"default-arg","locations":[{"start":{"line":20,"column":46},"end":{"line":20,"column":48}}],"line":20},"2":{"loc":{"start":{"line":22,"column":4},"end":{"line":22,"column":null}},"type":"if","locations":[{"start":{"line":22,"column":4},"end":{"line":22,"column":null}},{"start":{},"end":{}}],"line":22},"3":{"loc":{"start":{"line":23,"column":4},"end":{"line":23,"column":null}},"type":"if","locations":[{"start":{"line":23,"column":4},"end":{"line":23,"column":null}},{"start":{},"end":{}}],"line":23}},"s":{"0":1,"1":1,"2":1,"3":1,"4":1,"5":0,"6":0,"7":0,"8":0,"9":0,"10":1,"11":0,"12":0,"13":0,"14":0,"15":0,"16":0,"17":0,"18":0,"19":0,"20":1},"f":{"0":1,"1":0,"2":0},"b":{"0":[0,0],"1":[0],"2":[0,0],"3":[0,0]},"meta":{"lastBranch":4,"lastFunction":3,"lastStatement":21,"seen":{"s:5:23:38:Infinity":0,"f:5:23:5:Infinity":0,"s:6:23:6:Infinity":1,"s:7:41:7:Infinity":2,"s:8:8:8:Infinity":3,"s:10:28:18:Infinity":4,"f:10:28:10:35":1,"b:11:4:14:Infinity:undefined:undefined:undefined:undefined":0,"s:11:4:14:Infinity":5,"s:12:6:12:Infinity":6,"s:13:6:13:Infinity":7,"s:16:17:16:Infinity":8,"s:17:4:17:Infinity":9,"s:20:23:30:Infinity":10,"f:20:23:20:30":2,"b:20:46:20:48":1,"s:21:4:21:Infinity":11,"b:22:4:22:Infinity:undefined:undefined:undefined:undefined":2,"s:22:4:22:Infinity":12,"s:22:28:22:Infinity":13,"b:23:4:23:Infinity:undefined:undefined:undefined:undefined":3,"s:23:4:23:Infinity":14,"s:23:39:23:Infinity":15,"s:24:4:24:Infinity":16,"s:26:17:26:Infinity":17,"s:27:4:27:Infinity":18,"s:29:4:29:Infinity":19,"s:32:2:37:Infinity":20}}}
,"C:\\Users\\axtra\\OneDrive\\Escritorio\\Documentos\\React De cero a experto - Edición 2025\\gifs-app\\src\\shared\\components\\Header.tsx": {"path":"C:\\Users\\axtra\\OneDrive\\Escritorio\\Documentos\\React De cero a experto - Edición 2025\\gifs-app\\src\\shared\\components\\Header.tsx","statementMap":{"0":{"start":{"line":6,"column":15},"end":{"line":13,"column":null}}},"fnMap":{"0":{"name":"(anonymous_0)","decl":{"start":{"line":6,"column":15},"end":{"line":6,"column":16}},"loc":{"start":{"line":6,"column":84},"end":{"line":13,"column":null}},"line":6}},"branchMap":{"0":{"loc":{"start":{"line":6,"column":24},"end":{"line":6,"column":76}},"type":"default-arg","locations":[{"start":{"line":6,"column":38},"end":{"line":6,"column":76}}],"line":6}},"s":{"0":2},"f":{"0":3},"b":{"0":[3]},"meta":{"lastBranch":1,"lastFunction":1,"lastStatement":1,"seen":{"s:6:15:13:Infinity":0,"f:6:15:6:16":0,"b:6:38:6:76":0}}}
,"C:\\Users\\axtra\\OneDrive\\Escritorio\\Documentos\\React De cero a experto - Edición 2025\\gifs-app\\src\\shared\\components\\SearchBar.tsx": {"path":"C:\\Users\\axtra\\OneDrive\\Escritorio\\Documentos\\React De cero a experto - Edición 2025\\gifs-app\\src\\shared\\components\\SearchBar.tsx","statementMap":{"0":{"start":{"line":9,"column":18},"end":{"line":46,"column":null}},"1":{"start":{"line":10,"column":27},"end":{"line":10,"column":null}},"2":{"start":{"line":12,"column":4},"end":{"line":20,"column":null}},"3":{"start":{"line":13,"column":26},"end":{"line":15,"column":null}},"4":{"start":{"line":14,"column":12},"end":{"line":14,"column":null}},"5":{"start":{"line":17,"column":8},"end":{"line":19,"column":null}},"6":{"start":{"line":18,"column":12},"end":{"line":18,"column":null}},"7":{"start":{"line":22,"column":25},"end":{"line":24,"column":null}},"8":{"start":{"line":23,"column":8},"end":{"line":23,"column":null}},"9":{"start":{"line":25,"column":26},"end":{"line":29,"column":null}},"10":{"start":{"line":26,"column":8},"end":{"line":28,"column":null}},"11":{"start":{"line":27,"column":12},"end":{"line":27,"column":null}},"12":{"start":{"line":33,"column":31},"end":{"line":33,"column":null}}},"fnMap":{"0":{"name":"(anonymous_0)","decl":{"start":{"line":9,"column":18},"end":{"line":9,"column":19}},"loc":{"start":{"line":9,"column":94},"end":{"line":46,"column":null}},"line":9},"1":{"name":"(anonymous_1)","decl":{"start":{"line":12,"column":14},"end":{"line":12,"column":null}},"loc":{"start":{"line":12,"column":14},"end":{"line":20,"column":6}},"line":12},"2":{"name":"(anonymous_2)","decl":{"start":{"line":13,"column":37},"end":{"line":13,"column":null}},"loc":{"start":{"line":13,"column":37},"end":{"line":15,"column":11}},"line":13},"3":{"name":"(anonymous_3)","decl":{"start":{"line":17,"column":15},"end":{"line":17,"column":null}},"loc":{"start":{"line":17,"column":15},"end":{"line":19,"column":null}},"line":17},"4":{"name":"(anonymous_4)","decl":{"start":{"line":22,"column":25},"end":{"line":22,"column":null}},"loc":{"start":{"line":22,"column":25},"end":{"line":24,"column":null}},"line":22},"5":{"name":"(anonymous_5)","decl":{"start":{"line":25,"column":26},"end":{"line":25,"column":28}},"loc":{"start":{"line":25,"column":28},"end":{"line":29,"column":null}},"line":25},"6":{"name":"(anonymous_6)","decl":{"start":{"line":33,"column":26},"end":{"line":33,"column":31}},"loc":{"start":{"line":33,"column":31},"end":{"line":33,"column":null}},"line":33}},"branchMap":{"0":{"loc":{"start":{"line":9,"column":20},"end":{"line":9,"column":47}},"type":"default-arg","locations":[{"start":{"line":9,"column":34},"end":{"line":9,"column":47}}],"line":9},"1":{"loc":{"start":{"line":9,"column":49},"end":{"line":9,"column":68}},"type":"default-arg","locations":[{"start":{"line":9,"column":60},"end":{"line":9,"column":68}}],"line":9},"2":{"loc":{"start":{"line":26,"column":8},"end":{"line":28,"column":null}},"type":"if","locations":[{"start":{"line":26,"column":8},"end":{"line":28,"column":null}},{"start":{},"end":{}}],"line":26}},"s":{"0":1,"1":1,"2":1,"3":1,"4":0,"5":1,"6":1,"7":1,"8":0,"9":1,"10":0,"11":0,"12":0},"f":{"0":1,"1":1,"2":0,"3":1,"4":0,"5":0,"6":0},"b":{"0":[1],"1":[1],"2":[0,0]},"meta":{"lastBranch":3,"lastFunction":7,"lastStatement":13,"seen":{"s:9:18:46:Infinity":0,"f:9:18:9:19":0,"b:9:34:9:47":0,"b:9:60:9:68":1,"s:10:27:10:Infinity":1,"s:12:4:20:Infinity":2,"f:12:14:12:Infinity":1,"s:13:26:15:Infinity":3,"f:13:37:13:Infinity":2,"s:14:12:14:Infinity":4,"s:17:8:19:Infinity":5,"f:17:15:17:Infinity":3,"s:18:12:18:Infinity":6,"s:22:25:24:Infinity":7,"f:22:25:22:Infinity":4,"s:23:8:23:Infinity":8,"s:25:26:29:Infinity":9,"f:25:26:25:28":5,"b:26:8:28:Infinity:undefined:undefined:undefined:undefined":2,"s:26:8:28:Infinity":10,"s:27:12:27:Infinity":11,"f:33:26:33:31":6,"s:33:31:33:Infinity":12}}}
}
